2022-03-21 18:44:06 [127.0.0.1][-][-][error][yii\web\HttpException:404] yii\web\NotFoundHttpException: 页面未找到。 in D:\work\www\rageframe\vendor\yiisoft\yii2\web\Request.php:287
Stack trace:
#0 D:\work\www\rageframe\vendor\yiisoft\yii2\web\Application.php(82): yii\web\Request->resolve()
#1 D:\work\www\rageframe\vendor\yiisoft\yii2\base\Application.php(386): yii\web\Application->handleRequest(Object(yii\web\Request))
#2 D:\work\www\rageframe\web\api\index.php(33): yii\base\Application->run()
#3 {main}
2022-03-21 18:44:06 [127.0.0.1][-][-][info][application] $_GET = [
    'mobile' => '13570125170'
    'usage' => 'register'
]

$_POST = []

$_FILES = []

$_COOKIE = []

$_SERVER = [
    'ALLUSERSPROFILE' => 'C:\\ProgramData'
    'APPDATA' => 'C:\\Users\\32479\\AppData\\Roaming'
    'CommonProgramFiles' => 'C:\\Program Files\\Common Files'
    'CommonProgramFiles(x86)' => 'C:\\Program Files (x86)\\Common Files'
    'CommonProgramW6432' => 'C:\\Program Files\\Common Files'
    'COMPUTERNAME' => 'ADMIN'
    'ComSpec' => 'C:\\Windows\\system32\\cmd.exe'
    'DriverData' => 'C:\\Windows\\System32\\Drivers\\DriverData'
    'HOMEDRIVE' => 'C:'
    'HOMEPATH' => '\\Users\\32479'
    'http_proxy' => '127.0.0.1:7890'
    'LOCALAPPDATA' => 'C:\\Users\\32479\\AppData\\Local'
    'LOGONSERVER' => '\\\\ADMIN'
    'NUMBER_OF_PROCESSORS' => '20'
    'OneDrive' => 'C:\\Users\\32479\\OneDrive'
    'OneDriveConsumer' => 'C:\\Users\\32479\\OneDrive'
    'OS' => 'Windows_NT'
    'Path' => 'C:\\Windows\\system32;C:\\Windows;C:\\Windows\\System32\\Wbem;C:\\Windows\\System32\\WindowsPowerShell\\v1.0\\;C:\\Windows\\System32\\OpenSSH\\;D:\\app\\Git\\cmd;C:\\ProgramData\\ComposerSetup\\bin;C:\\Users\\32479\\AppData\\Local\\Microsoft\\WindowsApps;C:\\Program Files (x86)\\SSH Communications Security\\SSH Secure Shell;D:\\app\\phpstudy_pro\\Extensions\\php\\php7.3.4nts;C:\\Program Files\\JetBrains\\PhpStorm 2021.3.2\\bin;C:\\Users\\32479\\AppData\\Roaming\\Composer\\vendor\\bin;D:\\app\\vim'
    'PATHEXT' => '.COM;.EXE;.BAT;.CMD;.VBS;.VBE;.JS;.JSE;.WSF;.WSH;.MSC'
    'php' => 'D:\\app\\phpstudy_pro\\Extensions\\php\\php7.3.4nts\\php.exe'
    'PhpStorm' => 'C:\\Program Files\\JetBrains\\PhpStorm 2021.3.2\\bin;'
    'PROCESSOR_ARCHITECTURE' => 'AMD64'
    'PROCESSOR_IDENTIFIER' => 'Intel64 Family 6 Model 151 Stepping 2, GenuineIntel'
    'PROCESSOR_LEVEL' => '6'
    'PROCESSOR_REVISION' => '9702'
    'ProgramData' => 'C:\\ProgramData'
    'ProgramFiles' => 'C:\\Program Files'
    'ProgramFiles(x86)' => 'C:\\Program Files (x86)'
    'ProgramW6432' => 'C:\\Program Files'
    'PSModulePath' => 'C:\\Program Files\\WindowsPowerShell\\Modules;C:\\Windows\\system32\\WindowsPowerShell\\v1.0\\Modules'
    'PUBLIC' => 'C:\\Users\\Public'
    'SystemDrive' => 'C:'
    'SystemRoot' => 'C:\\Windows'
    'TEMP' => 'C:\\Users\\32479\\AppData\\Local\\Temp'
    'TMP' => 'C:\\Users\\32479\\AppData\\Local\\Temp'
    'USERDOMAIN' => 'ADMIN'
    'USERDOMAIN_ROAMINGPROFILE' => 'ADMIN'
    'USERNAME' => '32479'
    'USERPROFILE' => 'C:\\Users\\32479'
    'vim' => 'D:\\app\\vim\\gvim.exe'
    'windir' => 'C:\\Windows'
    'ZES_ENABLE_SYSMAN' => '1'
    'HTTP_CONTENT_LENGTH' => '0'
    'HTTP_CONNECTION' => 'keep-alive'
    'HTTP_ACCEPT_ENCODING' => 'gzip, deflate, br'
    'HTTP_HOST' => 'localhost'
    'HTTP_POSTMAN_TOKEN' => '2b500406-29cf-484f-9c66-c67a7093703a'
    'HTTP_ACCEPT' => '*/*'
    'HTTP_USER_AGENT' => 'PostmanRuntime/7.29.0'
    'REDIRECT_STATUS' => '200'
    'SERVER_NAME' => 'localhost'
    'SERVER_PORT' => '80'
    'SERVER_ADDR' => '127.0.0.1'
    'REMOTE_PORT' => '64169'
    'REMOTE_ADDR' => '127.0.0.1'
    'SERVER_SOFTWARE' => 'nginx/1.15.11'
    'GATEWAY_INTERFACE' => 'CGI/1.1'
    'REQUEST_SCHEME' => 'http'
    'SERVER_PROTOCOL' => 'HTTP/1.1'
    'DOCUMENT_ROOT' => 'D:/work/www/rageframe/web'
    'DOCUMENT_URI' => '/api/index.php'
    'REQUEST_URI' => '/api/v1/site/sms_code?mobile=13570125170&usage=register'
    'SCRIPT_NAME' => '/api/index.php'
    'CONTENT_LENGTH' => '0'
    'CONTENT_TYPE' => ''
    'REQUEST_METHOD' => 'POST'
    'QUERY_STRING' => 'mobile=13570125170&usage=register'
    'PATH_TRANSLATED' => 'D:/work/www/rageframe/web'
    'PATH_INFO' => ''
    'SCRIPT_FILENAME' => 'D:/work/www/rageframe/web/api/index.php'
    'FCGI_ROLE' => 'RESPONDER'
    'PHP_SELF' => '/api/index.php'
    'REQUEST_TIME_FLOAT' => 1647859446.0955
    'REQUEST_TIME' => 1647859446
]
2022-03-21 18:44:19 [127.0.0.1][-][-][error][yii\web\HttpException:404] yii\web\NotFoundHttpException: 页面未找到。 in D:\work\www\rageframe\vendor\yiisoft\yii2\web\Request.php:287
Stack trace:
#0 D:\work\www\rageframe\vendor\yiisoft\yii2\web\Application.php(82): yii\web\Request->resolve()
#1 D:\work\www\rageframe\vendor\yiisoft\yii2\base\Application.php(386): yii\web\Application->handleRequest(Object(yii\web\Request))
#2 D:\work\www\rageframe\web\api\index.php(33): yii\base\Application->run()
#3 {main}
2022-03-21 18:44:19 [127.0.0.1][-][-][info][application] $_GET = [
    'mobile' => '13570125170'
    'usage' => 'register'
]

$_POST = []

$_FILES = []

$_COOKIE = []

$_SERVER = [
    'ALLUSERSPROFILE' => 'C:\\ProgramData'
    'APPDATA' => 'C:\\Users\\32479\\AppData\\Roaming'
    'CommonProgramFiles' => 'C:\\Program Files\\Common Files'
    'CommonProgramFiles(x86)' => 'C:\\Program Files (x86)\\Common Files'
    'CommonProgramW6432' => 'C:\\Program Files\\Common Files'
    'COMPUTERNAME' => 'ADMIN'
    'ComSpec' => 'C:\\Windows\\system32\\cmd.exe'
    'DriverData' => 'C:\\Windows\\System32\\Drivers\\DriverData'
    'HOMEDRIVE' => 'C:'
    'HOMEPATH' => '\\Users\\32479'
    'http_proxy' => '127.0.0.1:7890'
    'LOCALAPPDATA' => 'C:\\Users\\32479\\AppData\\Local'
    'LOGONSERVER' => '\\\\ADMIN'
    'NUMBER_OF_PROCESSORS' => '20'
    'OneDrive' => 'C:\\Users\\32479\\OneDrive'
    'OneDriveConsumer' => 'C:\\Users\\32479\\OneDrive'
    'OS' => 'Windows_NT'
    'Path' => 'C:\\Windows\\system32;C:\\Windows;C:\\Windows\\System32\\Wbem;C:\\Windows\\System32\\WindowsPowerShell\\v1.0\\;C:\\Windows\\System32\\OpenSSH\\;D:\\app\\Git\\cmd;C:\\ProgramData\\ComposerSetup\\bin;C:\\Users\\32479\\AppData\\Local\\Microsoft\\WindowsApps;C:\\Program Files (x86)\\SSH Communications Security\\SSH Secure Shell;D:\\app\\phpstudy_pro\\Extensions\\php\\php7.3.4nts;C:\\Program Files\\JetBrains\\PhpStorm 2021.3.2\\bin;C:\\Users\\32479\\AppData\\Roaming\\Composer\\vendor\\bin;D:\\app\\vim'
    'PATHEXT' => '.COM;.EXE;.BAT;.CMD;.VBS;.VBE;.JS;.JSE;.WSF;.WSH;.MSC'
    'php' => 'D:\\app\\phpstudy_pro\\Extensions\\php\\php7.3.4nts\\php.exe'
    'PhpStorm' => 'C:\\Program Files\\JetBrains\\PhpStorm 2021.3.2\\bin;'
    'PROCESSOR_ARCHITECTURE' => 'AMD64'
    'PROCESSOR_IDENTIFIER' => 'Intel64 Family 6 Model 151 Stepping 2, GenuineIntel'
    'PROCESSOR_LEVEL' => '6'
    'PROCESSOR_REVISION' => '9702'
    'ProgramData' => 'C:\\ProgramData'
    'ProgramFiles' => 'C:\\Program Files'
    'ProgramFiles(x86)' => 'C:\\Program Files (x86)'
    'ProgramW6432' => 'C:\\Program Files'
    'PSModulePath' => 'C:\\Program Files\\WindowsPowerShell\\Modules;C:\\Windows\\system32\\WindowsPowerShell\\v1.0\\Modules'
    'PUBLIC' => 'C:\\Users\\Public'
    'SystemDrive' => 'C:'
    'SystemRoot' => 'C:\\Windows'
    'TEMP' => 'C:\\Users\\32479\\AppData\\Local\\Temp'
    'TMP' => 'C:\\Users\\32479\\AppData\\Local\\Temp'
    'USERDOMAIN' => 'ADMIN'
    'USERDOMAIN_ROAMINGPROFILE' => 'ADMIN'
    'USERNAME' => '32479'
    'USERPROFILE' => 'C:\\Users\\32479'
    'vim' => 'D:\\app\\vim\\gvim.exe'
    'windir' => 'C:\\Windows'
    'ZES_ENABLE_SYSMAN' => '1'
    'HTTP_CONTENT_LENGTH' => '0'
    'HTTP_CONNECTION' => 'keep-alive'
    'HTTP_ACCEPT_ENCODING' => 'gzip, deflate, br'
    'HTTP_HOST' => 'localhost'
    'HTTP_POSTMAN_TOKEN' => '19843e64-2a16-4801-98a2-9e2f594f0fbc'
    'HTTP_ACCEPT' => '*/*'
    'HTTP_USER_AGENT' => 'PostmanRuntime/7.29.0'
    'REDIRECT_STATUS' => '200'
    'SERVER_NAME' => 'localhost'
    'SERVER_PORT' => '80'
    'SERVER_ADDR' => '127.0.0.1'
    'REMOTE_PORT' => '64169'
    'REMOTE_ADDR' => '127.0.0.1'
    'SERVER_SOFTWARE' => 'nginx/1.15.11'
    'GATEWAY_INTERFACE' => 'CGI/1.1'
    'REQUEST_SCHEME' => 'http'
    'SERVER_PROTOCOL' => 'HTTP/1.1'
    'DOCUMENT_ROOT' => 'D:/work/www/rageframe/web'
    'DOCUMENT_URI' => '/api/index.php'
    'REQUEST_URI' => '/api/v1/site/smsCode?mobile=13570125170&usage=register'
    'SCRIPT_NAME' => '/api/index.php'
    'CONTENT_LENGTH' => '0'
    'CONTENT_TYPE' => ''
    'REQUEST_METHOD' => 'POST'
    'QUERY_STRING' => 'mobile=13570125170&usage=register'
    'PATH_TRANSLATED' => 'D:/work/www/rageframe/web'
    'PATH_INFO' => ''
    'SCRIPT_FILENAME' => 'D:/work/www/rageframe/web/api/index.php'
    'FCGI_ROLE' => 'RESPONDER'
    'PHP_SELF' => '/api/index.php'
    'REQUEST_TIME_FLOAT' => 1647859459.1918
    'REQUEST_TIME' => 1647859459
]
